<?xml version="1.0" encoding="UTF-8"?>
<!-- Generated by org.testng.reporters.JUnitReportReporter -->
<testsuite hostname="USER-C4PHGJME3M" name="com.deviceMonitor.socket.NettyServer" tests="1" failures="0" timestamp="27 Jun 2015 04:46:47 GMT" time="0.009" errors="0">
  <testcase name="test" time="0.009" classname="com.deviceMonitor.socket.NettyServer"/>
</testsuite> <!-- com.deviceMonitor.socket.NettyServer -->
